barcodescanner-master/zbar/sample/build/outputs/logs/manifest-merger-release-report.txt
-- Merging decision tree log ---
manifest
ADDED from AndroidManifest.xml:3:1
	xmlns:android
		ADDED from AndroidManifest.xml:3:11
	package
		ADDED from AndroidManifest.xml:3:70
		INJECTED from AndroidManifest.xml:0:0
		INJECTED from AndroidManifest.xml:0:0
	android:versionName
		INJECTED from AndroidManifest.xml:0:0
		INJECTED from AndroidManifest.xml:0:0
	android:versionCode
		INJECTED from AndroidManifest.xml:0:0
		INJECTED from AndroidManifest.xml:0:0
uses-permission#android.permission.WRITE_EXTERNAL_STORAGE
ADDED from AndroidManifest.xml:4:5
	android:name
		ADDED from AndroidManifest.xml:4:22
uses-permission#android.permission.READ_EXTERNAL_STORAGE
ADDED from AndroidManifest.xml:5:5
	android:name
		ADDED from AndroidManifest.xml:5:22
uses-permission#android.permission.CAMERA
ADDED from AndroidManifest.xml:6:5
	android:name
		ADDED from AndroidManifest.xml:6:22
application
ADDED from AndroidManifest.xml:8:3
MERGED from me.dm7.barcodescanner:zbar:1.7:11:5
MERGED from me.dm7.barcodescanner:core:1.7:11:5
MERGED from com.android.support:support-v4:21.0.3:16:5
MERGED from com.android.support:support-v4:21.0.3:16:5
MERGED from com.android.support:appcompat-v7:21.0.3:16:5
MERGED from com.android.support:support-v4:21.0.3:16:5
	android:label
		ADDED from AndroidManifest.xml:9:9
	android:allowBackup
		ADDED from AndroidManifest.xml:8:16
	android:icon
		ADDED from AndroidManifest.xml:10:9
activity#me.dm7.barcodescanner.zbar.sample.MainActivity
ADDED from AndroidManifest.xml:11:9
	android:label
		ADDED from AndroidManifest.xml:13:19
	android:theme
		ADDED from AndroidManifest.xml:12:19
	android:name
		ADDED from AndroidManifest.xml:11:19
intent-filter#android.intent.action.MAIN+android.intent.category.LAUNCHER
ADDED from AndroidManifest.xml:14:13
action#android.intent.action.MAIN
ADDED from AndroidManifest.xml:15:17
	android:name
		ADDED from AndroidManifest.xml:15:25
category#android.intent.category.LAUNCHER
ADDED from AndroidManifest.xml:16:17
	android:name
		ADDED from AndroidManifest.xml:16:27
activity#me.dm7.barcodescanner.zbar.sample.ScannerActivity
ADDED from AndroidManifest.xml:20:9
	android:label
		ADDED from AndroidManifest.xml:23:19
	android:uiOptions
		ADDED from AndroidManifest.xml:22:19
	android:theme
		ADDED from AndroidManifest.xml:21:19
	android:name
		ADDED from AndroidManifest.xml:20:19
meta-data#android.support.UI_OPTIONS
ADDED from AndroidManifest.xml:24:13
	android:name
		ADDED from AndroidManifest.xml:24:24
	android:value
		ADDED from AndroidManifest.xml:25:24
activity#me.dm7.barcodescanner.zbar.sample.ScannerFragmentActivity
ADDED from AndroidManifest.xml:28:9
	android:label
		ADDED from AndroidManifest.xml:31:19
	android:uiOptions
		ADDED from AndroidManifest.xml:30:19
	android:theme
		ADDED from AndroidManifest.xml:29:19
	android:name
		ADDED from AndroidManifest.xml:28:19
activity#me.dm7.barcodescanner.zbar.sample.SimpleScannerActivity
ADDED from AndroidManifest.xml:36:9
	android:label
		ADDED from AndroidManifest.xml:38:17
	android:theme
		ADDED from AndroidManifest.xml:37:17
	android:name
		ADDED from AndroidManifest.xml:36:19
activity#me.dm7.barcodescanner.zbar.sample.SimpleScannerFragmentActivity
ADDED from AndroidManifest.xml:41:9
	android:label
		ADDED from AndroidManifest.xml:43:17
	android:theme
		ADDED from AndroidManifest.xml:42:17
	android:name
		ADDED from AndroidManifest.xml:41:19
uses-sdk
INJECTED from AndroidManifest.xml:0:0 reason: use-sdk injection requested
MERGED from me.dm7.barcodescanner:zbar:1.7:7:5
MERGED from me.dm7.barcodescanner:core:1.7:7:5
MERGED from com.android.support:support-v4:21.0.3:15:5
MERGED from com.android.support:support-v4:21.0.3:15:5
MERGED from com.android.support:appcompat-v7:21.0.3:15:5
MERGED from com.android.support:support-v4:21.0.3:15:5
	android:targetSdkVersion
		INJECTED from AndroidManifest.xml:0:0
		INJECTED from AndroidManifest.xml:0:0
	android:minSdkVersion
		INJECTED from AndroidManifest.xml:0:0
		INJECTED from AndroidManifest.xml:0:0